The system is: Linux - 3.10.0-693.el7.x86_64 - x86_64
Compiling the C compiler identification source file "CMakeCCompilerId.c" succeeded.
Compiler: /tools/speccpu/compiler/gcc-8.2.0-static/bin/gcc 
Build flags: 
Id flags:  

The output was:
0


Compilation of the C compiler identification source "CMakeCCompilerId.c" produced "a.out"

The C compiler identification is GNU, found in "/home/liulei/work/bert_test/build/CMakeFiles/3.22.1/CompilerIdC/a.out"

Compiling the CXX compiler identification source file "CMakeCXXCompilerId.cpp" succeeded.
Compiler: /tools/speccpu/compiler/gcc-8.2.0-static/bin/g++ 
Build flags: 
Id flags:  

The output was:
0


Compilation of the CXX compiler identification source "CMakeCXXCompilerId.cpp" produced "a.out"

The CXX compiler identification is GNU, found in "/home/liulei/work/bert_test/build/CMakeFiles/3.22.1/CompilerIdCXX/a.out"

Detecting C compiler ABI info compiled with the following output:
Change Dir: /home/liulei/work/bert_test/build/CMakeFiles/CMakeTmp

Run Build Command(s):/usr/bin/gmake -f Makefile cmTC_5e9c4/fast && /usr/bin/gmake  -f CMakeFiles/cmTC_5e9c4.dir/build.make CMakeFiles/cmTC_5e9c4.dir/build
gmake[1]: Entering directory `/home/liulei/work/bert_test/build/CMakeFiles/CMakeTmp'
Building C object CMakeFiles/cmTC_5e9c4.dir/CMakeCCompilerABI.c.o
/tools/speccpu/compiler/gcc-8.2.0-static/bin/gcc   -v -o CMakeFiles/cmTC_5e9c4.dir/CMakeCCompilerABI.c.o -c /home/liulei/miniconda2/envs/bert/share/cmake-3.22/Modules/CMakeCCompilerABI.c
Using built-in specs.
COLLECT_GCC=/tools/speccpu/compiler/gcc-8.2.0-static/bin/gcc
Target: x86_64-pc-linux-gnu
Configured with: ../configure --prefix=/home/kangmengbo/gcc-8.2.0-static
Thread model: posix
gcc version 8.2.0 (GCC) 
COLLECT_GCC_OPTIONS='-v' '-o' 'CMakeFiles/cmTC_5e9c4.dir/CMakeCCompilerABI.c.o' '-c' '-mtune=generic' '-march=x86-64'
 /tools/speccpu/compiler/gcc-8.2.0-static/bin/../libexec/gcc/x86_64-pc-linux-gnu/8.2.0/cc1 -quiet -v -iprefix /tools/speccpu/compiler/gcc-8.2.0-static/bin/../lib/gcc/x86_64-pc-linux-gnu/8.2.0/ /home/liulei/miniconda2/envs/bert/share/cmake-3.22/Modules/CMakeCCompilerABI.c -quiet -dumpbase CMakeCCompilerABI.c -mtune=generic -march=x86-64 -auxbase-strip CMakeFiles/cmTC_5e9c4.dir/CMakeCCompilerABI.c.o -version -o /tmp/cc66SdsA.s
GNU C17 (GCC) version 8.2.0 (x86_64-pc-linux-gnu)
	compiled by GNU C version 8.2.0, GMP version 6.1.0, MPFR version 3.1.4, MPC version 1.0.3, isl version isl-0.18-GMP

GGC heuristics: --param ggc-min-expand=100 --param ggc-min-heapsize=131072
ignoring nonexistent directory "/tools/speccpu/compiler/gcc-8.2.0-static/bin/../lib/gcc/x86_64-pc-linux-gnu/8.2.0/../../../../x86_64-pc-linux-gnu/include"
ignoring duplicate directory "/tools/speccpu/compiler/gcc-8.2.0-static/bin/../lib/gcc/../../lib/gcc/x86_64-pc-linux-gnu/8.2.0/include"
ignoring duplicate directory "/tools/speccpu/compiler/gcc-8.2.0-static/bin/../lib/gcc/../../lib/gcc/x86_64-pc-linux-gnu/8.2.0/include-fixed"
ignoring nonexistent directory "/tools/speccpu/compiler/gcc-8.2.0-static/bin/../lib/gcc/../../lib/gcc/x86_64-pc-linux-gnu/8.2.0/../../../../x86_64-pc-linux-gnu/include"
#include "..." search starts here:
#include <...> search starts here:
 /tools/speccpu/compiler/gcc-8.2.0-static/bin/../lib/gcc/x86_64-pc-linux-gnu/8.2.0/include
 /tools/speccpu/compiler/gcc-8.2.0-static/bin/../lib/gcc/x86_64-pc-linux-gnu/8.2.0/include-fixed
 /usr/local/include
 /tools/speccpu/compiler/gcc-8.2.0-static/bin/../lib/gcc/../../include
 /usr/include
End of search list.
GNU C17 (GCC) version 8.2.0 (x86_64-pc-linux-gnu)
	compiled by GNU C version 8.2.0, GMP version 6.1.0, MPFR version 3.1.4, MPC version 1.0.3, isl version isl-0.18-GMP

GGC heuristics: --param ggc-min-expand=100 --param ggc-min-heapsize=131072
Compiler executable checksum: 0ce971c67be196d4aa17cff70655db4b
COLLECT_GCC_OPTIONS='-v' '-o' 'CMakeFiles/cmTC_5e9c4.dir/CMakeCCompilerABI.c.o' '-c' '-mtune=generic' '-march=x86-64'
 as -v --64 -o CMakeFiles/cmTC_5e9c4.dir/CMakeCCompilerABI.c.o /tmp/cc66SdsA.s
GNU assembler version 2.27 (x86_64-redhat-linux) using BFD version version 2.27-44.base.el7
COMPILER_PATH=/tools/speccpu/compiler/gcc-8.2.0-static/bin/../libexec/gcc/x86_64-pc-linux-gnu/8.2.0/:/tools/speccpu/compiler/gcc-8.2.0-static/bin/../libexec/gcc/
LIBRARY_PATH=/tools/speccpu/compiler/gcc-8.2.0-static/bin/../lib/gcc/x86_64-pc-linux-gnu/8.2.0/:/tools/speccpu/compiler/gcc-8.2.0-static/bin/../lib/gcc/:/tools/speccpu/compiler/gcc-8.2.0-static/bin/../lib/gcc/x86_64-pc-linux-gnu/8.2.0/../../../../lib64/:/lib/../lib64/:/usr/lib/../lib64/:/tools/speccpu/compiler/gcc-8.2.0-static/bin/../lib/gcc/x86_64-pc-linux-gnu/8.2.0/../../../:/lib/:/usr/lib/
COLLECT_GCC_OPTIONS='-v' '-o' 'CMakeFiles/cmTC_5e9c4.dir/CMakeCCompilerABI.c.o' '-c' '-mtune=generic' '-march=x86-64'
Linking C executable cmTC_5e9c4
/home/liulei/miniconda2/envs/bert/bin/cmake -E cmake_link_script CMakeFiles/cmTC_5e9c4.dir/link.txt --verbose=1
/tools/speccpu/compiler/gcc-8.2.0-static/bin/gcc  -v CMakeFiles/cmTC_5e9c4.dir/CMakeCCompilerABI.c.o -o cmTC_5e9c4 
Using built-in specs.
COLLECT_GCC=/tools/speccpu/compiler/gcc-8.2.0-static/bin/gcc
COLLECT_LTO_WRAPPER=/tools/speccpu/compiler/gcc-8.2.0-static/bin/../libexec/gcc/x86_64-pc-linux-gnu/8.2.0/lto-wrapper
Target: x86_64-pc-linux-gnu
Configured with: ../configure --prefix=/home/kangmengbo/gcc-8.2.0-static
Thread model: posix
gcc version 8.2.0 (GCC) 
COMPILER_PATH=/tools/speccpu/compiler/gcc-8.2.0-static/bin/../libexec/gcc/x86_64-pc-linux-gnu/8.2.0/:/tools/speccpu/compiler/gcc-8.2.0-static/bin/../libexec/gcc/
LIBRARY_PATH=/tools/speccpu/compiler/gcc-8.2.0-static/bin/../lib/gcc/x86_64-pc-linux-gnu/8.2.0/:/tools/speccpu/compiler/gcc-8.2.0-static/bin/../lib/gcc/:/tools/speccpu/compiler/gcc-8.2.0-static/bin/../lib/gcc/x86_64-pc-linux-gnu/8.2.0/../../../../lib64/:/lib/../lib64/:/usr/lib/../lib64/:/tools/speccpu/compiler/gcc-8.2.0-static/bin/../lib/gcc/x86_64-pc-linux-gnu/8.2.0/../../../:/lib/:/usr/lib/
COLLECT_GCC_OPTIONS='-v' '-o' 'cmTC_5e9c4' '-mtune=generic' '-march=x86-64'
 /tools/speccpu/compiler/gcc-8.2.0-static/bin/../libexec/gcc/x86_64-pc-linux-gnu/8.2.0/collect2 --eh-frame-hdr -m elf_x86_64 -dynamic-linker /lib64/ld-linux-x86-64.so.2 -o cmTC_5e9c4 /lib/../lib64/crt1.o /lib/../lib64/crti.o /tools/speccpu/compiler/gcc-8.2.0-static/bin/../lib/gcc/x86_64-pc-linux-gnu/8.2.0/crtbegin.o -L/tools/speccpu/compiler/gcc-8.2.0-static/bin/../lib/gcc/x86_64-pc-linux-gnu/8.2.0 -L/tools/speccpu/compiler/gcc-8.2.0-static/bin/../lib/gcc -L/tools/speccpu/compiler/gcc-8.2.0-static/bin/../lib/gcc/x86_64-pc-linux-gnu/8.2.0/../../../../lib64 -L/lib/../lib64 -L/usr/lib/../lib64 -L/tools/speccpu/compiler/gcc-8.2.0-static/bin/../lib/gcc/x86_64-pc-linux-gnu/8.2.0/../../.. CMakeFiles/cmTC_5e9c4.dir/CMakeCCompilerABI.c.o -lgcc --as-needed -lgcc_s --no-as-needed -lc -lgcc --as-needed -lgcc_s --no-as-needed /tools/speccpu/compiler/gcc-8.2.0-static/bin/../lib/gcc/x86_64-pc-linux-gnu/8.2.0/crtend.o /lib/../lib64/crtn.o
COLLECT_GCC_OPTIONS='-v' '-o' 'cmTC_5e9c4' '-mtune=generic' '-march=x86-64'
gmake[1]: Leaving directory `/home/liulei/work/bert_test/build/CMakeFiles/CMakeTmp'



Parsed C implicit include dir info from above output: rv=done
  found start of include info
  found start of implicit include info
    add: [/tools/speccpu/compiler/gcc-8.2.0-static/bin/../lib/gcc/x86_64-pc-linux-gnu/8.2.0/include]
    add: [/tools/speccpu/compiler/gcc-8.2.0-static/bin/../lib/gcc/x86_64-pc-linux-gnu/8.2.0/include-fixed]
    add: [/usr/local/include]
    add: [/tools/speccpu/compiler/gcc-8.2.0-static/bin/../lib/gcc/../../include]
    add: [/usr/include]
  end of search list found
  collapse include dir [/tools/speccpu/compiler/gcc-8.2.0-static/bin/../lib/gcc/x86_64-pc-linux-gnu/8.2.0/include] ==> [/tools/speccpu/compiler/gcc-8.2.0-static/lib/gcc/x86_64-pc-linux-gnu/8.2.0/include]
  collapse include dir [/tools/speccpu/compiler/gcc-8.2.0-static/bin/../lib/gcc/x86_64-pc-linux-gnu/8.2.0/include-fixed] ==> [/tools/speccpu/compiler/gcc-8.2.0-static/lib/gcc/x86_64-pc-linux-gnu/8.2.0/include-fixed]
  collapse include dir [/usr/local/include] ==> [/usr/local/include]
  collapse include dir [/tools/speccpu/compiler/gcc-8.2.0-static/bin/../lib/gcc/../../include] ==> [/tools/speccpu/compiler/gcc-8.2.0-static/include]
  collapse include dir [/usr/include] ==> [/usr/include]
  implicit include dirs: [/tools/speccpu/compiler/gcc-8.2.0-static/lib/gcc/x86_64-pc-linux-gnu/8.2.0/include;/tools/speccpu/compiler/gcc-8.2.0-static/lib/gcc/x86_64-pc-linux-gnu/8.2.0/include-fixed;/usr/local/include;/tools/speccpu/compiler/gcc-8.2.0-static/include;/usr/include]


Parsed C implicit link information from above output:
  link line regex: [^( *|.*[/\])(ld|CMAKE_LINK_STARTFILE-NOTFOUND|([^/\]+-)?ld|collect2)[^/\]*( |$)]
  ignore line: [Change Dir: /home/liulei/work/bert_test/build/CMakeFiles/CMakeTmp]
  ignore line: []
  ignore line: [Run Build Command(s):/usr/bin/gmake -f Makefile cmTC_5e9c4/fast && /usr/bin/gmake  -f CMakeFiles/cmTC_5e9c4.dir/build.make CMakeFiles/cmTC_5e9c4.dir/build]
  ignore line: [gmake[1]: Entering directory `/home/liulei/work/bert_test/build/CMakeFiles/CMakeTmp']
  ignore line: [Building C object CMakeFiles/cmTC_5e9c4.dir/CMakeCCompilerABI.c.o]
  ignore line: [/tools/speccpu/compiler/gcc-8.2.0-static/bin/gcc   -v -o CMakeFiles/cmTC_5e9c4.dir/CMakeCCompilerABI.c.o -c /home/liulei/miniconda2/envs/bert/share/cmake-3.22/Modules/CMakeCCompilerABI.c]
  ignore line: [Using built-in specs.]
  ignore line: [COLLECT_GCC=/tools/speccpu/compiler/gcc-8.2.0-static/bin/gcc]
  ignore line: [Target: x86_64-pc-linux-gnu]
  ignore line: [Configured with: ../configure --prefix=/home/kangmengbo/gcc-8.2.0-static]
  ignore line: [Thread model: posix]
  ignore line: [gcc version 8.2.0 (GCC) ]
  ignore line: [COLLECT_GCC_OPTIONS='-v' '-o' 'CMakeFiles/cmTC_5e9c4.dir/CMakeCCompilerABI.c.o' '-c' '-mtune=generic' '-march=x86-64']
  ignore line: [ /tools/speccpu/compiler/gcc-8.2.0-static/bin/../libexec/gcc/x86_64-pc-linux-gnu/8.2.0/cc1 -quiet -v -iprefix /tools/speccpu/compiler/gcc-8.2.0-static/bin/../lib/gcc/x86_64-pc-linux-gnu/8.2.0/ /home/liulei/miniconda2/envs/bert/share/cmake-3.22/Modules/CMakeCCompilerABI.c -quiet -dumpbase CMakeCCompilerABI.c -mtune=generic -march=x86-64 -auxbase-strip CMakeFiles/cmTC_5e9c4.dir/CMakeCCompilerABI.c.o -version -o /tmp/cc66SdsA.s]
  ignore line: [GNU C17 (GCC) version 8.2.0 (x86_64-pc-linux-gnu)]
  ignore line: [	compiled by GNU C version 8.2.0  GMP version 6.1.0  MPFR version 3.1.4  MPC version 1.0.3  isl version isl-0.18-GMP]
  ignore line: []
  ignore line: [GGC heuristics: --param ggc-min-expand=100 --param ggc-min-heapsize=131072]
  ignore line: [ignoring nonexistent directory "/tools/speccpu/compiler/gcc-8.2.0-static/bin/../lib/gcc/x86_64-pc-linux-gnu/8.2.0/../../../../x86_64-pc-linux-gnu/include"]
  ignore line: [ignoring duplicate directory "/tools/speccpu/compiler/gcc-8.2.0-static/bin/../lib/gcc/../../lib/gcc/x86_64-pc-linux-gnu/8.2.0/include"]
  ignore line: [ignoring duplicate directory "/tools/speccpu/compiler/gcc-8.2.0-static/bin/../lib/gcc/../../lib/gcc/x86_64-pc-linux-gnu/8.2.0/include-fixed"]
  ignore line: [ignoring nonexistent directory "/tools/speccpu/compiler/gcc-8.2.0-static/bin/../lib/gcc/../../lib/gcc/x86_64-pc-linux-gnu/8.2.0/../../../../x86_64-pc-linux-gnu/include"]
  ignore line: [#include "..." search starts here:]
  ignore line: [#include <...> search starts here:]
  ignore line: [ /tools/speccpu/compiler/gcc-8.2.0-static/bin/../lib/gcc/x86_64-pc-linux-gnu/8.2.0/include]
  ignore line: [ /tools/speccpu/compiler/gcc-8.2.0-static/bin/../lib/gcc/x86_64-pc-linux-gnu/8.2.0/include-fixed]
  ignore line: [ /usr/local/include]
  ignore line: [ /tools/speccpu/compiler/gcc-8.2.0-static/bin/../lib/gcc/../../include]
  ignore line: [ /usr/include]
  ignore line: [End of search list.]
  ignore line: [GNU C17 (GCC) version 8.2.0 (x86_64-pc-linux-gnu)]
  ignore line: [	compiled by GNU C version 8.2.0  GMP version 6.1.0  MPFR version 3.1.4  MPC version 1.0.3  isl version isl-0.18-GMP]
  ignore line: []
  ignore line: [GGC heuristics: --param ggc-min-expand=100 --param ggc-min-heapsize=131072]
  ignore line: [Compiler executable checksum: 0ce971c67be196d4aa17cff70655db4b]
  ignore line: [COLLECT_GCC_OPTIONS='-v' '-o' 'CMakeFiles/cmTC_5e9c4.dir/CMakeCCompilerABI.c.o' '-c' '-mtune=generic' '-march=x86-64']
  ignore line: [ as -v --64 -o CMakeFiles/cmTC_5e9c4.dir/CMakeCCompilerABI.c.o /tmp/cc66SdsA.s]
  ignore line: [GNU assembler version 2.27 (x86_64-redhat-linux) using BFD version version 2.27-44.base.el7]
  ignore line: [COMPILER_PATH=/tools/speccpu/compiler/gcc-8.2.0-static/bin/../libexec/gcc/x86_64-pc-linux-gnu/8.2.0/:/tools/speccpu/compiler/gcc-8.2.0-static/bin/../libexec/gcc/]
  ignore line: [LIBRARY_PATH=/tools/speccpu/compiler/gcc-8.2.0-static/bin/../lib/gcc/x86_64-pc-linux-gnu/8.2.0/:/tools/speccpu/compiler/gcc-8.2.0-static/bin/../lib/gcc/:/tools/speccpu/compiler/gcc-8.2.0-static/bin/../lib/gcc/x86_64-pc-linux-gnu/8.2.0/../../../../lib64/:/lib/../lib64/:/usr/lib/../lib64/:/tools/speccpu/compiler/gcc-8.2.0-static/bin/../lib/gcc/x86_64-pc-linux-gnu/8.2.0/../../../:/lib/:/usr/lib/]
  ignore line: [COLLECT_GCC_OPTIONS='-v' '-o' 'CMakeFiles/cmTC_5e9c4.dir/CMakeCCompilerABI.c.o' '-c' '-mtune=generic' '-march=x86-64']
  ignore line: [Linking C executable cmTC_5e9c4]
  ignore line: [/home/liulei/miniconda2/envs/bert/bin/cmake -E cmake_link_script CMakeFiles/cmTC_5e9c4.dir/link.txt --verbose=1]
  ignore line: [/tools/speccpu/compiler/gcc-8.2.0-static/bin/gcc  -v CMakeFiles/cmTC_5e9c4.dir/CMakeCCompilerABI.c.o -o cmTC_5e9c4 ]
  ignore line: [Using built-in specs.]
  ignore line: [COLLECT_GCC=/tools/speccpu/compiler/gcc-8.2.0-static/bin/gcc]
  ignore line: [COLLECT_LTO_WRAPPER=/tools/speccpu/compiler/gcc-8.2.0-static/bin/../libexec/gcc/x86_64-pc-linux-gnu/8.2.0/lto-wrapper]
  ignore line: [Target: x86_64-pc-linux-gnu]
  ignore line: [Configured with: ../configure --prefix=/home/kangmengbo/gcc-8.2.0-static]
  ignore line: [Thread model: posix]
  ignore line: [gcc version 8.2.0 (GCC) ]
  ignore line: [COMPILER_PATH=/tools/speccpu/compiler/gcc-8.2.0-static/bin/../libexec/gcc/x86_64-pc-linux-gnu/8.2.0/:/tools/speccpu/compiler/gcc-8.2.0-static/bin/../libexec/gcc/]
  ignore line: [LIBRARY_PATH=/tools/speccpu/compiler/gcc-8.2.0-static/bin/../lib/gcc/x86_64-pc-linux-gnu/8.2.0/:/tools/speccpu/compiler/gcc-8.2.0-static/bin/../lib/gcc/:/tools/speccpu/compiler/gcc-8.2.0-static/bin/../lib/gcc/x86_64-pc-linux-gnu/8.2.0/../../../../lib64/:/lib/../lib64/:/usr/lib/../lib64/:/tools/speccpu/compiler/gcc-8.2.0-static/bin/../lib/gcc/x86_64-pc-linux-gnu/8.2.0/../../../:/lib/:/usr/lib/]
  ignore line: [COLLECT_GCC_OPTIONS='-v' '-o' 'cmTC_5e9c4' '-mtune=generic' '-march=x86-64']
  link line: [ /tools/speccpu/compiler/gcc-8.2.0-static/bin/../libexec/gcc/x86_64-pc-linux-gnu/8.2.0/collect2 --eh-frame-hdr -m elf_x86_64 -dynamic-linker /lib64/ld-linux-x86-64.so.2 -o cmTC_5e9c4 /lib/../lib64/crt1.o /lib/../lib64/crti.o /tools/speccpu/compiler/gcc-8.2.0-static/bin/../lib/gcc/x86_64-pc-linux-gnu/8.2.0/crtbegin.o -L/tools/speccpu/compiler/gcc-8.2.0-static/bin/../lib/gcc/x86_64-pc-linux-gnu/8.2.0 -L/tools/speccpu/compiler/gcc-8.2.0-static/bin/../lib/gcc -L/tools/speccpu/compiler/gcc-8.2.0-static/bin/../lib/gcc/x86_64-pc-linux-gnu/8.2.0/../../../../lib64 -L/lib/../lib64 -L/usr/lib/../lib64 -L/tools/speccpu/compiler/gcc-8.2.0-static/bin/../lib/gcc/x86_64-pc-linux-gnu/8.2.0/../../.. CMakeFiles/cmTC_5e9c4.dir/CMakeCCompilerABI.c.o -lgcc --as-needed -lgcc_s --no-as-needed -lc -lgcc --as-needed -lgcc_s --no-as-needed /tools/speccpu/compiler/gcc-8.2.0-static/bin/../lib/gcc/x86_64-pc-linux-gnu/8.2.0/crtend.o /lib/../lib64/crtn.o]
    arg [/tools/speccpu/compiler/gcc-8.2.0-static/bin/../libexec/gcc/x86_64-pc-linux-gnu/8.2.0/collect2] ==> ignore
    arg [--eh-frame-hdr] ==> ignore
    arg [-m] ==> ignore
    arg [elf_x86_64] ==> ignore
    arg [-dynamic-linker] ==> ignore
    arg [/lib64/ld-linux-x86-64.so.2] ==> ignore
    arg [-o] ==> ignore
    arg [cmTC_5e9c4] ==> ignore
    arg [/lib/../lib64/crt1.o] ==> obj [/lib/../lib64/crt1.o]
    arg [/lib/../lib64/crti.o] ==> obj [/lib/../lib64/crti.o]
    arg [/tools/speccpu/compiler/gcc-8.2.0-static/bin/../lib/gcc/x86_64-pc-linux-gnu/8.2.0/crtbegin.o] ==> obj [/tools/speccpu/compiler/gcc-8.2.0-static/bin/../lib/gcc/x86_64-pc-linux-gnu/8.2.0/crtbegin.o]
    arg [-L/tools/speccpu/compiler/gcc-8.2.0-static/bin/../lib/gcc/x86_64-pc-linux-gnu/8.2.0] ==> dir [/tools/speccpu/compiler/gcc-8.2.0-static/bin/../lib/gcc/x86_64-pc-linux-gnu/8.2.0]
    arg [-L/tools/speccpu/compiler/gcc-8.2.0-static/bin/../lib/gcc] ==> dir [/tools/speccpu/compiler/gcc-8.2.0-static/bin/../lib/gcc]
    arg [-L/tools/speccpu/compiler/gcc-8.2.0-static/bin/../lib/gcc/x86_64-pc-linux-gnu/8.2.0/../../../../lib64] ==> dir [/tools/speccpu/compiler/gcc-8.2.0-static/bin/../lib/gcc/x86_64-pc-linux-gnu/8.2.0/../../../../lib64]
    arg [-L/lib/../lib64] ==> dir [/lib/../lib64]
    arg [-L/usr/lib/../lib64] ==> dir [/usr/lib/../lib64]
    arg [-L/tools/speccpu/compiler/gcc-8.2.0-static/bin/../lib/gcc/x86_64-pc-linux-gnu/8.2.0/../../..] ==> dir [/tools/speccpu/compiler/gcc-8.2.0-static/bin/../lib/gcc/x86_64-pc-linux-gnu/8.2.0/../../..]
    arg [CMakeFiles/cmTC_5e9c4.dir/CMakeCCompilerABI.c.o] ==> ignore
    arg [-lgcc] ==> lib [gcc]
    arg [--as-needed] ==> ignore
    arg [-lgcc_s] ==> lib [gcc_s]
    arg [--no-as-needed] ==> ignore
    arg [-lc] ==> lib [c]
    arg [-lgcc] ==> lib [gcc]
    arg [--as-needed] ==> ignore
    arg [-lgcc_s] ==> lib [gcc_s]
    arg [--no-as-needed] ==> ignore
    arg [/tools/speccpu/compiler/gcc-8.2.0-static/bin/../lib/gcc/x86_64-pc-linux-gnu/8.2.0/crtend.o] ==> obj [/tools/speccpu/compiler/gcc-8.2.0-static/bin/../lib/gcc/x86_64-pc-linux-gnu/8.2.0/crtend.o]
    arg [/lib/../lib64/crtn.o] ==> obj [/lib/../lib64/crtn.o]
  collapse obj [/lib/../lib64/crt1.o] ==> [/lib64/crt1.o]
  collapse obj [/lib/../lib64/crti.o] ==> [/lib64/crti.o]
  collapse obj [/tools/speccpu/compiler/gcc-8.2.0-static/bin/../lib/gcc/x86_64-pc-linux-gnu/8.2.0/crtbegin.o] ==> [/tools/speccpu/compiler/gcc-8.2.0-static/lib/gcc/x86_64-pc-linux-gnu/8.2.0/crtbegin.o]
  collapse obj [/tools/speccpu/compiler/gcc-8.2.0-static/bin/../lib/gcc/x86_64-pc-linux-gnu/8.2.0/crtend.o] ==> [/tools/speccpu/compiler/gcc-8.2.0-static/lib/gcc/x86_64-pc-linux-gnu/8.2.0/crtend.o]
  collapse obj [/lib/../lib64/crtn.o] ==> [/lib64/crtn.o]
  collapse library dir [/tools/speccpu/compiler/gcc-8.2.0-static/bin/../lib/gcc/x86_64-pc-linux-gnu/8.2.0] ==> [/tools/speccpu/compiler/gcc-8.2.0-static/lib/gcc/x86_64-pc-linux-gnu/8.2.0]
  collapse library dir [/tools/speccpu/compiler/gcc-8.2.0-static/bin/../lib/gcc] ==> [/tools/speccpu/compiler/gcc-8.2.0-static/lib/gcc]
  collapse library dir [/tools/speccpu/compiler/gcc-8.2.0-static/bin/../lib/gcc/x86_64-pc-linux-gnu/8.2.0/../../../../lib64] ==> [/tools/speccpu/compiler/gcc-8.2.0-static/lib64]
  collapse library dir [/lib/../lib64] ==> [/lib64]
  collapse library dir [/usr/lib/../lib64] ==> [/usr/lib64]
  collapse library dir [/tools/speccpu/compiler/gcc-8.2.0-static/bin/../lib/gcc/x86_64-pc-linux-gnu/8.2.0/../../..] ==> [/tools/speccpu/compiler/gcc-8.2.0-static/lib]
  implicit libs: [gcc;gcc_s;c;gcc;gcc_s]
  implicit objs: [/lib64/crt1.o;/lib64/crti.o;/tools/speccpu/compiler/gcc-8.2.0-static/lib/gcc/x86_64-pc-linux-gnu/8.2.0/crtbegin.o;/tools/speccpu/compiler/gcc-8.2.0-static/lib/gcc/x86_64-pc-linux-gnu/8.2.0/crtend.o;/lib64/crtn.o]
  implicit dirs: [/tools/speccpu/compiler/gcc-8.2.0-static/lib/gcc/x86_64-pc-linux-gnu/8.2.0;/tools/speccpu/compiler/gcc-8.2.0-static/lib/gcc;/tools/speccpu/compiler/gcc-8.2.0-static/lib64;/lib64;/usr/lib64;/tools/speccpu/compiler/gcc-8.2.0-static/lib]
  implicit fwks: []


Detecting CXX compiler ABI info compiled with the following output:
Change Dir: /home/liulei/work/bert_test/build/CMakeFiles/CMakeTmp

Run Build Command(s):/usr/bin/gmake -f Makefile cmTC_1fb2a/fast && /usr/bin/gmake  -f CMakeFiles/cmTC_1fb2a.dir/build.make CMakeFiles/cmTC_1fb2a.dir/build
gmake[1]: Entering directory `/home/liulei/work/bert_test/build/CMakeFiles/CMakeTmp'
Building CXX object CMakeFiles/cmTC_1fb2a.dir/CMakeCXXCompilerABI.cpp.o
/tools/speccpu/compiler/gcc-8.2.0-static/bin/g++   -v -o CMakeFiles/cmTC_1fb2a.dir/CMakeCXXCompilerABI.cpp.o -c /home/liulei/miniconda2/envs/bert/share/cmake-3.22/Modules/CMakeCXXCompilerABI.cpp
Using built-in specs.
COLLECT_GCC=/tools/speccpu/compiler/gcc-8.2.0-static/bin/g++
Target: x86_64-pc-linux-gnu
Configured with: ../configure --prefix=/home/kangmengbo/gcc-8.2.0-static
Thread model: posix
gcc version 8.2.0 (GCC) 
COLLECT_GCC_OPTIONS='-v' '-o' 'CMakeFiles/cmTC_1fb2a.dir/CMakeCXXCompilerABI.cpp.o' '-c' '-shared-libgcc' '-mtune=generic' '-march=x86-64'
 /tools/speccpu/compiler/gcc-8.2.0-static/bin/../libexec/gcc/x86_64-pc-linux-gnu/8.2.0/cc1plus -quiet -v -iprefix /tools/speccpu/compiler/gcc-8.2.0-static/bin/../lib/gcc/x86_64-pc-linux-gnu/8.2.0/ -D_GNU_SOURCE /home/liulei/miniconda2/envs/bert/share/cmake-3.22/Modules/CMakeCXXCompilerABI.cpp -quiet -dumpbase CMakeCXXCompilerABI.cpp -mtune=generic -march=x86-64 -auxbase-strip CMakeFiles/cmTC_1fb2a.dir/CMakeCXXCompilerABI.cpp.o -version -o /tmp/ccrvqu2K.s
GNU C++14 (GCC) version 8.2.0 (x86_64-pc-linux-gnu)
	compiled by GNU C version 8.2.0, GMP version 6.1.0, MPFR version 3.1.4, MPC version 1.0.3, isl version isl-0.18-GMP

GGC heuristics: --param ggc-min-expand=100 --param ggc-min-heapsize=131072
ignoring nonexistent directory "/tools/speccpu/compiler/gcc-8.2.0-static/bin/../lib/gcc/x86_64-pc-linux-gnu/8.2.0/../../../../x86_64-pc-linux-gnu/include"
ignoring duplicate directory "/tools/speccpu/compiler/gcc-8.2.0-static/bin/../lib/gcc/../../lib/gcc/x86_64-pc-linux-gnu/8.2.0/../../../../include/c++/8.2.0"
ignoring duplicate directory "/tools/speccpu/compiler/gcc-8.2.0-static/bin/../lib/gcc/../../lib/gcc/x86_64-pc-linux-gnu/8.2.0/../../../../include/c++/8.2.0/x86_64-pc-linux-gnu"
ignoring duplicate directory "/tools/speccpu/compiler/gcc-8.2.0-static/bin/../lib/gcc/../../lib/gcc/x86_64-pc-linux-gnu/8.2.0/../../../../include/c++/8.2.0/backward"
ignoring duplicate directory "/tools/speccpu/compiler/gcc-8.2.0-static/bin/../lib/gcc/../../lib/gcc/x86_64-pc-linux-gnu/8.2.0/include"
ignoring duplicate directory "/tools/speccpu/compiler/gcc-8.2.0-static/bin/../lib/gcc/../../lib/gcc/x86_64-pc-linux-gnu/8.2.0/include-fixed"
ignoring nonexistent directory "/tools/speccpu/compiler/gcc-8.2.0-static/bin/../lib/gcc/../../lib/gcc/x86_64-pc-linux-gnu/8.2.0/../../../../x86_64-pc-linux-gnu/include"
#include "..." search starts here:
#include <...> search starts here:
 /tools/speccpu/compiler/gcc-8.2.0-static/bin/../lib/gcc/x86_64-pc-linux-gnu/8.2.0/../../../../include/c++/8.2.0
 /tools/speccpu/compiler/gcc-8.2.0-static/bin/../lib/gcc/x86_64-pc-linux-gnu/8.2.0/../../../../include/c++/8.2.0/x86_64-pc-linux-gnu
 /tools/speccpu/compiler/gcc-8.2.0-static/bin/../lib/gcc/x86_64-pc-linux-gnu/8.2.0/../../../../include/c++/8.2.0/backward
 /tools/speccpu/compiler/gcc-8.2.0-static/bin/../lib/gcc/x86_64-pc-linux-gnu/8.2.0/include
 /tools/speccpu/compiler/gcc-8.2.0-static/bin/../lib/gcc/x86_64-pc-linux-gnu/8.2.0/include-fixed
 /usr/local/include
 /tools/speccpu/compiler/gcc-8.2.0-static/bin/../lib/gcc/../../include
 /usr/include
End of search list.
GNU C++14 (GCC) version 8.2.0 (x86_64-pc-linux-gnu)
	compiled by GNU C version 8.2.0, GMP version 6.1.0, MPFR version 3.1.4, MPC version 1.0.3, isl version isl-0.18-GMP

GGC heuristics: --param ggc-min-expand=100 --param ggc-min-heapsize=131072
Compiler executable checksum: ed6f62949f5c3135de26a1fba97aec68
COLLECT_GCC_OPTIONS='-v' '-o' 'CMakeFiles/cmTC_1fb2a.dir/CMakeCXXCompilerABI.cpp.o' '-c' '-shared-libgcc' '-mtune=generic' '-march=x86-64'
 as -v --64 -o CMakeFiles/cmTC_1fb2a.dir/CMakeCXXCompilerABI.cpp.o /tmp/ccrvqu2K.s
GNU assembler version 2.27 (x86_64-redhat-linux) using BFD version version 2.27-44.base.el7
COMPILER_PATH=/tools/speccpu/compiler/gcc-8.2.0-static/bin/../libexec/gcc/x86_64-pc-linux-gnu/8.2.0/:/tools/speccpu/compiler/gcc-8.2.0-static/bin/../libexec/gcc/
LIBRARY_PATH=/tools/speccpu/compiler/gcc-8.2.0-static/bin/../lib/gcc/x86_64-pc-linux-gnu/8.2.0/:/tools/speccpu/compiler/gcc-8.2.0-static/bin/../lib/gcc/:/tools/speccpu/compiler/gcc-8.2.0-static/bin/../lib/gcc/x86_64-pc-linux-gnu/8.2.0/../../../../lib64/:/lib/../lib64/:/usr/lib/../lib64/:/tools/speccpu/compiler/gcc-8.2.0-static/bin/../lib/gcc/x86_64-pc-linux-gnu/8.2.0/../../../:/lib/:/usr/lib/
COLLECT_GCC_OPTIONS='-v' '-o' 'CMakeFiles/cmTC_1fb2a.dir/CMakeCXXCompilerABI.cpp.o' '-c' '-shared-libgcc' '-mtune=generic' '-march=x86-64'
Linking CXX executable cmTC_1fb2a
/home/liulei/miniconda2/envs/bert/bin/cmake -E cmake_link_script CMakeFiles/cmTC_1fb2a.dir/link.txt --verbose=1
/tools/speccpu/compiler/gcc-8.2.0-static/bin/g++  -v CMakeFiles/cmTC_1fb2a.dir/CMakeCXXCompilerABI.cpp.o -o cmTC_1fb2a 
Using built-in specs.
COLLECT_GCC=/tools/speccpu/compiler/gcc-8.2.0-static/bin/g++
COLLECT_LTO_WRAPPER=/tools/speccpu/compiler/gcc-8.2.0-static/bin/../libexec/gcc/x86_64-pc-linux-gnu/8.2.0/lto-wrapper
Target: x86_64-pc-linux-gnu
Configured with: ../configure --prefix=/home/kangmengbo/gcc-8.2.0-static
Thread model: posix
gcc version 8.2.0 (GCC) 
COMPILER_PATH=/tools/speccpu/compiler/gcc-8.2.0-static/bin/../libexec/gcc/x86_64-pc-linux-gnu/8.2.0/:/tools/speccpu/compiler/gcc-8.2.0-static/bin/../libexec/gcc/
LIBRARY_PATH=/tools/speccpu/compiler/gcc-8.2.0-static/bin/../lib/gcc/x86_64-pc-linux-gnu/8.2.0/:/tools/speccpu/compiler/gcc-8.2.0-static/bin/../lib/gcc/:/tools/speccpu/compiler/gcc-8.2.0-static/bin/../lib/gcc/x86_64-pc-linux-gnu/8.2.0/../../../../lib64/:/lib/../lib64/:/usr/lib/../lib64/:/tools/speccpu/compiler/gcc-8.2.0-static/bin/../lib/gcc/x86_64-pc-linux-gnu/8.2.0/../../../:/lib/:/usr/lib/
COLLECT_GCC_OPTIONS='-v' '-o' 'cmTC_1fb2a' '-shared-libgcc' '-mtune=generic' '-march=x86-64'
 /tools/speccpu/compiler/gcc-8.2.0-static/bin/../libexec/gcc/x86_64-pc-linux-gnu/8.2.0/collect2 --eh-frame-hdr -m elf_x86_64 -dynamic-linker /lib64/ld-linux-x86-64.so.2 -o cmTC_1fb2a /lib/../lib64/crt1.o /lib/../lib64/crti.o /tools/speccpu/compiler/gcc-8.2.0-static/bin/../lib/gcc/x86_64-pc-linux-gnu/8.2.0/crtbegin.o -L/tools/speccpu/compiler/gcc-8.2.0-static/bin/../lib/gcc/x86_64-pc-linux-gnu/8.2.0 -L/tools/speccpu/compiler/gcc-8.2.0-static/bin/../lib/gcc -L/tools/speccpu/compiler/gcc-8.2.0-static/bin/../lib/gcc/x86_64-pc-linux-gnu/8.2.0/../../../../lib64 -L/lib/../lib64 -L/usr/lib/../lib64 -L/tools/speccpu/compiler/gcc-8.2.0-static/bin/../lib/gcc/x86_64-pc-linux-gnu/8.2.0/../../.. CMakeFiles/cmTC_1fb2a.dir/CMakeCXXCompilerABI.cpp.o -lstdc++ -lm -lgcc_s -lgcc -lc -lgcc_s -lgcc /tools/speccpu/compiler/gcc-8.2.0-static/bin/../lib/gcc/x86_64-pc-linux-gnu/8.2.0/crtend.o /lib/../lib64/crtn.o
COLLECT_GCC_OPTIONS='-v' '-o' 'cmTC_1fb2a' '-shared-libgcc' '-mtune=generic' '-march=x86-64'
gmake[1]: Leaving directory `/home/liulei/work/bert_test/build/CMakeFiles/CMakeTmp'



Parsed CXX implicit include dir info from above output: rv=done
  found start of include info
  found start of implicit include info
    add: [/tools/speccpu/compiler/gcc-8.2.0-static/bin/../lib/gcc/x86_64-pc-linux-gnu/8.2.0/../../../../include/c++/8.2.0]
    add: [/tools/speccpu/compiler/gcc-8.2.0-static/bin/../lib/gcc/x86_64-pc-linux-gnu/8.2.0/../../../../include/c++/8.2.0/x86_64-pc-linux-gnu]
    add: [/tools/speccpu/compiler/gcc-8.2.0-static/bin/../lib/gcc/x86_64-pc-linux-gnu/8.2.0/../../../../include/c++/8.2.0/backward]
    add: [/tools/speccpu/compiler/gcc-8.2.0-static/bin/../lib/gcc/x86_64-pc-linux-gnu/8.2.0/include]
    add: [/tools/speccpu/compiler/gcc-8.2.0-static/bin/../lib/gcc/x86_64-pc-linux-gnu/8.2.0/include-fixed]
    add: [/usr/local/include]
    add: [/tools/speccpu/compiler/gcc-8.2.0-static/bin/../lib/gcc/../../include]
    add: [/usr/include]
  end of search list found
  collapse include dir [/tools/speccpu/compiler/gcc-8.2.0-static/bin/../lib/gcc/x86_64-pc-linux-gnu/8.2.0/../../../../include/c++/8.2.0] ==> [/tools/speccpu/compiler/gcc-8.2.0-static/include/c++/8.2.0]
  collapse include dir [/tools/speccpu/compiler/gcc-8.2.0-static/bin/../lib/gcc/x86_64-pc-linux-gnu/8.2.0/../../../../include/c++/8.2.0/x86_64-pc-linux-gnu] ==> [/tools/speccpu/compiler/gcc-8.2.0-static/include/c++/8.2.0/x86_64-pc-linux-gnu]
  collapse include dir [/tools/speccpu/compiler/gcc-8.2.0-static/bin/../lib/gcc/x86_64-pc-linux-gnu/8.2.0/../../../../include/c++/8.2.0/backward] ==> [/tools/speccpu/compiler/gcc-8.2.0-static/include/c++/8.2.0/backward]
  collapse include dir [/tools/speccpu/compiler/gcc-8.2.0-static/bin/../lib/gcc/x86_64-pc-linux-gnu/8.2.0/include] ==> [/tools/speccpu/compiler/gcc-8.2.0-static/lib/gcc/x86_64-pc-linux-gnu/8.2.0/include]
  collapse include dir [/tools/speccpu/compiler/gcc-8.2.0-static/bin/../lib/gcc/x86_64-pc-linux-gnu/8.2.0/include-fixed] ==> [/tools/speccpu/compiler/gcc-8.2.0-static/lib/gcc/x86_64-pc-linux-gnu/8.2.0/include-fixed]
  collapse include dir [/usr/local/include] ==> [/usr/local/include]
  collapse include dir [/tools/speccpu/compiler/gcc-8.2.0-static/bin/../lib/gcc/../../include] ==> [/tools/speccpu/compiler/gcc-8.2.0-static/include]
  collapse include dir [/usr/include] ==> [/usr/include]
  implicit include dirs: [/tools/speccpu/compiler/gcc-8.2.0-static/include/c++/8.2.0;/tools/speccpu/compiler/gcc-8.2.0-static/include/c++/8.2.0/x86_64-pc-linux-gnu;/tools/speccpu/compiler/gcc-8.2.0-static/include/c++/8.2.0/backward;/tools/speccpu/compiler/gcc-8.2.0-static/lib/gcc/x86_64-pc-linux-gnu/8.2.0/include;/tools/speccpu/compiler/gcc-8.2.0-static/lib/gcc/x86_64-pc-linux-gnu/8.2.0/include-fixed;/usr/local/include;/tools/speccpu/compiler/gcc-8.2.0-static/include;/usr/include]


Parsed CXX implicit link information from above output:
  link line regex: [^( *|.*[/\])(ld|CMAKE_LINK_STARTFILE-NOTFOUND|([^/\]+-)?ld|collect2)[^/\]*( |$)]
  ignore line: [Change Dir: /home/liulei/work/bert_test/build/CMakeFiles/CMakeTmp]
  ignore line: []
  ignore line: [Run Build Command(s):/usr/bin/gmake -f Makefile cmTC_1fb2a/fast && /usr/bin/gmake  -f CMakeFiles/cmTC_1fb2a.dir/build.make CMakeFiles/cmTC_1fb2a.dir/build]
  ignore line: [gmake[1]: Entering directory `/home/liulei/work/bert_test/build/CMakeFiles/CMakeTmp']
  ignore line: [Building CXX object CMakeFiles/cmTC_1fb2a.dir/CMakeCXXCompilerABI.cpp.o]
  ignore line: [/tools/speccpu/compiler/gcc-8.2.0-static/bin/g++   -v -o CMakeFiles/cmTC_1fb2a.dir/CMakeCXXCompilerABI.cpp.o -c /home/liulei/miniconda2/envs/bert/share/cmake-3.22/Modules/CMakeCXXCompilerABI.cpp]
  ignore line: [Using built-in specs.]
  ignore line: [COLLECT_GCC=/tools/speccpu/compiler/gcc-8.2.0-static/bin/g++]
  ignore line: [Target: x86_64-pc-linux-gnu]
  ignore line: [Configured with: ../configure --prefix=/home/kangmengbo/gcc-8.2.0-static]
  ignore line: [Thread model: posix]
  ignore line: [gcc version 8.2.0 (GCC) ]
  ignore line: [COLLECT_GCC_OPTIONS='-v' '-o' 'CMakeFiles/cmTC_1fb2a.dir/CMakeCXXCompilerABI.cpp.o' '-c' '-shared-libgcc' '-mtune=generic' '-march=x86-64']
  ignore line: [ /tools/speccpu/compiler/gcc-8.2.0-static/bin/../libexec/gcc/x86_64-pc-linux-gnu/8.2.0/cc1plus -quiet -v -iprefix /tools/speccpu/compiler/gcc-8.2.0-static/bin/../lib/gcc/x86_64-pc-linux-gnu/8.2.0/ -D_GNU_SOURCE /home/liulei/miniconda2/envs/bert/share/cmake-3.22/Modules/CMakeCXXCompilerABI.cpp -quiet -dumpbase CMakeCXXCompilerABI.cpp -mtune=generic -march=x86-64 -auxbase-strip CMakeFiles/cmTC_1fb2a.dir/CMakeCXXCompilerABI.cpp.o -version -o /tmp/ccrvqu2K.s]
  ignore line: [GNU C++14 (GCC) version 8.2.0 (x86_64-pc-linux-gnu)]
  ignore line: [	compiled by GNU C version 8.2.0  GMP version 6.1.0  MPFR version 3.1.4  MPC version 1.0.3  isl version isl-0.18-GMP]
  ignore line: []
  ignore line: [GGC heuristics: --param ggc-min-expand=100 --param ggc-min-heapsize=131072]
  ignore line: [ignoring nonexistent directory "/tools/speccpu/compiler/gcc-8.2.0-static/bin/../lib/gcc/x86_64-pc-linux-gnu/8.2.0/../../../../x86_64-pc-linux-gnu/include"]
  ignore line: [ignoring duplicate directory "/tools/speccpu/compiler/gcc-8.2.0-static/bin/../lib/gcc/../../lib/gcc/x86_64-pc-linux-gnu/8.2.0/../../../../include/c++/8.2.0"]
  ignore line: [ignoring duplicate directory "/tools/speccpu/compiler/gcc-8.2.0-static/bin/../lib/gcc/../../lib/gcc/x86_64-pc-linux-gnu/8.2.0/../../../../include/c++/8.2.0/x86_64-pc-linux-gnu"]
  ignore line: [ignoring duplicate directory "/tools/speccpu/compiler/gcc-8.2.0-static/bin/../lib/gcc/../../lib/gcc/x86_64-pc-linux-gnu/8.2.0/../../../../include/c++/8.2.0/backward"]
  ignore line: [ignoring duplicate directory "/tools/speccpu/compiler/gcc-8.2.0-static/bin/../lib/gcc/../../lib/gcc/x86_64-pc-linux-gnu/8.2.0/include"]
  ignore line: [ignoring duplicate directory "/tools/speccpu/compiler/gcc-8.2.0-static/bin/../lib/gcc/../../lib/gcc/x86_64-pc-linux-gnu/8.2.0/include-fixed"]
  ignore line: [ignoring nonexistent directory "/tools/speccpu/compiler/gcc-8.2.0-static/bin/../lib/gcc/../../lib/gcc/x86_64-pc-linux-gnu/8.2.0/../../../../x86_64-pc-linux-gnu/include"]
  ignore line: [#include "..." search starts here:]
  ignore line: [#include <...> search starts here:]
  ignore line: [ /tools/speccpu/compiler/gcc-8.2.0-static/bin/../lib/gcc/x86_64-pc-linux-gnu/8.2.0/../../../../include/c++/8.2.0]
  ignore line: [ /tools/speccpu/compiler/gcc-8.2.0-static/bin/../lib/gcc/x86_64-pc-linux-gnu/8.2.0/../../../../include/c++/8.2.0/x86_64-pc-linux-gnu]
  ignore line: [ /tools/speccpu/compiler/gcc-8.2.0-static/bin/../lib/gcc/x86_64-pc-linux-gnu/8.2.0/../../../../include/c++/8.2.0/backward]
  ignore line: [ /tools/speccpu/compiler/gcc-8.2.0-static/bin/../lib/gcc/x86_64-pc-linux-gnu/8.2.0/include]
  ignore line: [ /tools/speccpu/compiler/gcc-8.2.0-static/bin/../lib/gcc/x86_64-pc-linux-gnu/8.2.0/include-fixed]
  ignore line: [ /usr/local/include]
  ignore line: [ /tools/speccpu/compiler/gcc-8.2.0-static/bin/../lib/gcc/../../include]
  ignore line: [ /usr/include]
  ignore line: [End of search list.]
  ignore line: [GNU C++14 (GCC) version 8.2.0 (x86_64-pc-linux-gnu)]
  ignore line: [	compiled by GNU C version 8.2.0  GMP version 6.1.0  MPFR version 3.1.4  MPC version 1.0.3  isl version isl-0.18-GMP]
  ignore line: []
  ignore line: [GGC heuristics: --param ggc-min-expand=100 --param ggc-min-heapsize=131072]
  ignore line: [Compiler executable checksum: ed6f62949f5c3135de26a1fba97aec68]
  ignore line: [COLLECT_GCC_OPTIONS='-v' '-o' 'CMakeFiles/cmTC_1fb2a.dir/CMakeCXXCompilerABI.cpp.o' '-c' '-shared-libgcc' '-mtune=generic' '-march=x86-64']
  ignore line: [ as -v --64 -o CMakeFiles/cmTC_1fb2a.dir/CMakeCXXCompilerABI.cpp.o /tmp/ccrvqu2K.s]
  ignore line: [GNU assembler version 2.27 (x86_64-redhat-linux) using BFD version version 2.27-44.base.el7]
  ignore line: [COMPILER_PATH=/tools/speccpu/compiler/gcc-8.2.0-static/bin/../libexec/gcc/x86_64-pc-linux-gnu/8.2.0/:/tools/speccpu/compiler/gcc-8.2.0-static/bin/../libexec/gcc/]
  ignore line: [LIBRARY_PATH=/tools/speccpu/compiler/gcc-8.2.0-static/bin/../lib/gcc/x86_64-pc-linux-gnu/8.2.0/:/tools/speccpu/compiler/gcc-8.2.0-static/bin/../lib/gcc/:/tools/speccpu/compiler/gcc-8.2.0-static/bin/../lib/gcc/x86_64-pc-linux-gnu/8.2.0/../../../../lib64/:/lib/../lib64/:/usr/lib/../lib64/:/tools/speccpu/compiler/gcc-8.2.0-static/bin/../lib/gcc/x86_64-pc-linux-gnu/8.2.0/../../../:/lib/:/usr/lib/]
  ignore line: [COLLECT_GCC_OPTIONS='-v' '-o' 'CMakeFiles/cmTC_1fb2a.dir/CMakeCXXCompilerABI.cpp.o' '-c' '-shared-libgcc' '-mtune=generic' '-march=x86-64']
  ignore line: [Linking CXX executable cmTC_1fb2a]
  ignore line: [/home/liulei/miniconda2/envs/bert/bin/cmake -E cmake_link_script CMakeFiles/cmTC_1fb2a.dir/link.txt --verbose=1]
  ignore line: [/tools/speccpu/compiler/gcc-8.2.0-static/bin/g++  -v CMakeFiles/cmTC_1fb2a.dir/CMakeCXXCompilerABI.cpp.o -o cmTC_1fb2a ]
  ignore line: [Using built-in specs.]
  ignore line: [COLLECT_GCC=/tools/speccpu/compiler/gcc-8.2.0-static/bin/g++]
  ignore line: [COLLECT_LTO_WRAPPER=/tools/speccpu/compiler/gcc-8.2.0-static/bin/../libexec/gcc/x86_64-pc-linux-gnu/8.2.0/lto-wrapper]
  ignore line: [Target: x86_64-pc-linux-gnu]
  ignore line: [Configured with: ../configure --prefix=/home/kangmengbo/gcc-8.2.0-static]
  ignore line: [Thread model: posix]
  ignore line: [gcc version 8.2.0 (GCC) ]
  ignore line: [COMPILER_PATH=/tools/speccpu/compiler/gcc-8.2.0-static/bin/../libexec/gcc/x86_64-pc-linux-gnu/8.2.0/:/tools/speccpu/compiler/gcc-8.2.0-static/bin/../libexec/gcc/]
  ignore line: [LIBRARY_PATH=/tools/speccpu/compiler/gcc-8.2.0-static/bin/../lib/gcc/x86_64-pc-linux-gnu/8.2.0/:/tools/speccpu/compiler/gcc-8.2.0-static/bin/../lib/gcc/:/tools/speccpu/compiler/gcc-8.2.0-static/bin/../lib/gcc/x86_64-pc-linux-gnu/8.2.0/../../../../lib64/:/lib/../lib64/:/usr/lib/../lib64/:/tools/speccpu/compiler/gcc-8.2.0-static/bin/../lib/gcc/x86_64-pc-linux-gnu/8.2.0/../../../:/lib/:/usr/lib/]
  ignore line: [COLLECT_GCC_OPTIONS='-v' '-o' 'cmTC_1fb2a' '-shared-libgcc' '-mtune=generic' '-march=x86-64']
  link line: [ /tools/speccpu/compiler/gcc-8.2.0-static/bin/../libexec/gcc/x86_64-pc-linux-gnu/8.2.0/collect2 --eh-frame-hdr -m elf_x86_64 -dynamic-linker /lib64/ld-linux-x86-64.so.2 -o cmTC_1fb2a /lib/../lib64/crt1.o /lib/../lib64/crti.o /tools/speccpu/compiler/gcc-8.2.0-static/bin/../lib/gcc/x86_64-pc-linux-gnu/8.2.0/crtbegin.o -L/tools/speccpu/compiler/gcc-8.2.0-static/bin/../lib/gcc/x86_64-pc-linux-gnu/8.2.0 -L/tools/speccpu/compiler/gcc-8.2.0-static/bin/../lib/gcc -L/tools/speccpu/compiler/gcc-8.2.0-static/bin/../lib/gcc/x86_64-pc-linux-gnu/8.2.0/../../../../lib64 -L/lib/../lib64 -L/usr/lib/../lib64 -L/tools/speccpu/compiler/gcc-8.2.0-static/bin/../lib/gcc/x86_64-pc-linux-gnu/8.2.0/../../.. CMakeFiles/cmTC_1fb2a.dir/CMakeCXXCompilerABI.cpp.o -lstdc++ -lm -lgcc_s -lgcc -lc -lgcc_s -lgcc /tools/speccpu/compiler/gcc-8.2.0-static/bin/../lib/gcc/x86_64-pc-linux-gnu/8.2.0/crtend.o /lib/../lib64/crtn.o]
    arg [/tools/speccpu/compiler/gcc-8.2.0-static/bin/../libexec/gcc/x86_64-pc-linux-gnu/8.2.0/collect2] ==> ignore
    arg [--eh-frame-hdr] ==> ignore
    arg [-m] ==> ignore
    arg [elf_x86_64] ==> ignore
    arg [-dynamic-linker] ==> ignore
    arg [/lib64/ld-linux-x86-64.so.2] ==> ignore
    arg [-o] ==> ignore
    arg [cmTC_1fb2a] ==> ignore
    arg [/lib/../lib64/crt1.o] ==> obj [/lib/../lib64/crt1.o]
    arg [/lib/../lib64/crti.o] ==> obj [/lib/../lib64/crti.o]
    arg [/tools/speccpu/compiler/gcc-8.2.0-static/bin/../lib/gcc/x86_64-pc-linux-gnu/8.2.0/crtbegin.o] ==> obj [/tools/speccpu/compiler/gcc-8.2.0-static/bin/../lib/gcc/x86_64-pc-linux-gnu/8.2.0/crtbegin.o]
    arg [-L/tools/speccpu/compiler/gcc-8.2.0-static/bin/../lib/gcc/x86_64-pc-linux-gnu/8.2.0] ==> dir [/tools/speccpu/compiler/gcc-8.2.0-static/bin/../lib/gcc/x86_64-pc-linux-gnu/8.2.0]
    arg [-L/tools/speccpu/compiler/gcc-8.2.0-static/bin/../lib/gcc] ==> dir [/tools/speccpu/compiler/gcc-8.2.0-static/bin/../lib/gcc]
    arg [-L/tools/speccpu/compiler/gcc-8.2.0-static/bin/../lib/gcc/x86_64-pc-linux-gnu/8.2.0/../../../../lib64] ==> dir [/tools/speccpu/compiler/gcc-8.2.0-static/bin/../lib/gcc/x86_64-pc-linux-gnu/8.2.0/../../../../lib64]
    arg [-L/lib/../lib64] ==> dir [/lib/../lib64]
    arg [-L/usr/lib/../lib64] ==> dir [/usr/lib/../lib64]
    arg [-L/tools/speccpu/compiler/gcc-8.2.0-static/bin/../lib/gcc/x86_64-pc-linux-gnu/8.2.0/../../..] ==> dir [/tools/speccpu/compiler/gcc-8.2.0-static/bin/../lib/gcc/x86_64-pc-linux-gnu/8.2.0/../../..]
    arg [CMakeFiles/cmTC_1fb2a.dir/CMakeCXXCompilerABI.cpp.o] ==> ignore
    arg [-lstdc++] ==> lib [stdc++]
    arg [-lm] ==> lib [m]
    arg [-lgcc_s] ==> lib [gcc_s]
    arg [-lgcc] ==> lib [gcc]
    arg [-lc] ==> lib [c]
    arg [-lgcc_s] ==> lib [gcc_s]
    arg [-lgcc] ==> lib [gcc]
    arg [/tools/speccpu/compiler/gcc-8.2.0-static/bin/../lib/gcc/x86_64-pc-linux-gnu/8.2.0/crtend.o] ==> obj [/tools/speccpu/compiler/gcc-8.2.0-static/bin/../lib/gcc/x86_64-pc-linux-gnu/8.2.0/crtend.o]
    arg [/lib/../lib64/crtn.o] ==> obj [/lib/../lib64/crtn.o]
  collapse obj [/lib/../lib64/crt1.o] ==> [/lib64/crt1.o]
  collapse obj [/lib/../lib64/crti.o] ==> [/lib64/crti.o]
  collapse obj [/tools/speccpu/compiler/gcc-8.2.0-static/bin/../lib/gcc/x86_64-pc-linux-gnu/8.2.0/crtbegin.o] ==> [/tools/speccpu/compiler/gcc-8.2.0-static/lib/gcc/x86_64-pc-linux-gnu/8.2.0/crtbegin.o]
  collapse obj [/tools/speccpu/compiler/gcc-8.2.0-static/bin/../lib/gcc/x86_64-pc-linux-gnu/8.2.0/crtend.o] ==> [/tools/speccpu/compiler/gcc-8.2.0-static/lib/gcc/x86_64-pc-linux-gnu/8.2.0/crtend.o]
  collapse obj [/lib/../lib64/crtn.o] ==> [/lib64/crtn.o]
  collapse library dir [/tools/speccpu/compiler/gcc-8.2.0-static/bin/../lib/gcc/x86_64-pc-linux-gnu/8.2.0] ==> [/tools/speccpu/compiler/gcc-8.2.0-static/lib/gcc/x86_64-pc-linux-gnu/8.2.0]
  collapse library dir [/tools/speccpu/compiler/gcc-8.2.0-static/bin/../lib/gcc] ==> [/tools/speccpu/compiler/gcc-8.2.0-static/lib/gcc]
  collapse library dir [/tools/speccpu/compiler/gcc-8.2.0-static/bin/../lib/gcc/x86_64-pc-linux-gnu/8.2.0/../../../../lib64] ==> [/tools/speccpu/compiler/gcc-8.2.0-static/lib64]
  collapse library dir [/lib/../lib64] ==> [/lib64]
  collapse library dir [/usr/lib/../lib64] ==> [/usr/lib64]
  collapse library dir [/tools/speccpu/compiler/gcc-8.2.0-static/bin/../lib/gcc/x86_64-pc-linux-gnu/8.2.0/../../..] ==> [/tools/speccpu/compiler/gcc-8.2.0-static/lib]
  implicit libs: [stdc++;m;gcc_s;gcc;c;gcc_s;gcc]
  implicit objs: [/lib64/crt1.o;/lib64/crti.o;/tools/speccpu/compiler/gcc-8.2.0-static/lib/gcc/x86_64-pc-linux-gnu/8.2.0/crtbegin.o;/tools/speccpu/compiler/gcc-8.2.0-static/lib/gcc/x86_64-pc-linux-gnu/8.2.0/crtend.o;/lib64/crtn.o]
  implicit dirs: [/tools/speccpu/compiler/gcc-8.2.0-static/lib/gcc/x86_64-pc-linux-gnu/8.2.0;/tools/speccpu/compiler/gcc-8.2.0-static/lib/gcc;/tools/speccpu/compiler/gcc-8.2.0-static/lib64;/lib64;/usr/lib64;/tools/speccpu/compiler/gcc-8.2.0-static/lib]
  implicit fwks: []


Determining if the include file pthread.h exists passed with the following output:
Change Dir: /home/liulei/work/bert_test/build/CMakeFiles/CMakeTmp

Run Build Command(s):/usr/bin/gmake -f Makefile cmTC_5b4b2/fast && /usr/bin/gmake  -f CMakeFiles/cmTC_5b4b2.dir/build.make CMakeFiles/cmTC_5b4b2.dir/build
gmake[1]: Entering directory `/home/liulei/work/bert_test/build/CMakeFiles/CMakeTmp'
Building C object CMakeFiles/cmTC_5b4b2.dir/CheckIncludeFile.c.o
/tools/speccpu/compiler/gcc-8.2.0-static/bin/gcc    -o CMakeFiles/cmTC_5b4b2.dir/CheckIncludeFile.c.o -c /home/liulei/work/bert_test/build/CMakeFiles/CMakeTmp/CheckIncludeFile.c
Linking C executable cmTC_5b4b2
/home/liulei/miniconda2/envs/bert/bin/cmake -E cmake_link_script CMakeFiles/cmTC_5b4b2.dir/link.txt --verbose=1
/tools/speccpu/compiler/gcc-8.2.0-static/bin/gcc CMakeFiles/cmTC_5b4b2.dir/CheckIncludeFile.c.o -o cmTC_5b4b2 
gmake[1]: Leaving directory `/home/liulei/work/bert_test/build/CMakeFiles/CMakeTmp'



Determining if the function pthread_create exists in the pthread passed with the following output:
Change Dir: /home/liulei/work/bert_test/build/CMakeFiles/CMakeTmp

Run Build Command(s):/usr/bin/gmake -f Makefile cmTC_f6977/fast && /usr/bin/gmake  -f CMakeFiles/cmTC_f6977.dir/build.make CMakeFiles/cmTC_f6977.dir/build
gmake[1]: Entering directory `/home/liulei/work/bert_test/build/CMakeFiles/CMakeTmp'
Building C object CMakeFiles/cmTC_f6977.dir/CheckFunctionExists.c.o
/tools/speccpu/compiler/gcc-8.2.0-static/bin/gcc   -DCHECK_FUNCTION_EXISTS=pthread_create -o CMakeFiles/cmTC_f6977.dir/CheckFunctionExists.c.o -c /home/liulei/miniconda2/envs/bert/share/cmake-3.22/Modules/CheckFunctionExists.c
Linking C executable cmTC_f6977
/home/liulei/miniconda2/envs/bert/bin/cmake -E cmake_link_script CMakeFiles/cmTC_f6977.dir/link.txt --verbose=1
/tools/speccpu/compiler/gcc-8.2.0-static/bin/gcc  -DCHECK_FUNCTION_EXISTS=pthread_create CMakeFiles/cmTC_f6977.dir/CheckFunctionExists.c.o -o cmTC_f6977  -lpthread 
gmake[1]: Leaving directory `/home/liulei/work/bert_test/build/CMakeFiles/CMakeTmp'



