Performing C SOURCE FILE Test CMAKE_HAVE_LIBC_PTHREAD failed with the following output:
Change Dir: /home/liulei/work/BERTCpp/build/CMakeFiles/CMakeTmp

Run Build Command(s):/usr/bin/gmake -f Makefile cmTC_c5223/fast && /usr/bin/gmake  -f CMakeFiles/cmTC_c5223.dir/build.make CMakeFiles/cmTC_c5223.dir/build
gmake[1]: Entering directory `/home/liulei/work/BERTCpp/build/CMakeFiles/CMakeTmp'
Building C object CMakeFiles/cmTC_c5223.dir/src.c.o
/tools/speccpu/compiler/gcc-8.2.0-static/bin/gcc -DCMAKE_HAVE_LIBC_PTHREAD   -o CMakeFiles/cmTC_c5223.dir/src.c.o -c /home/liulei/work/BERTCpp/build/CMakeFiles/CMakeTmp/src.c
Linking C executable cmTC_c5223
/home/liulei/miniconda2/envs/bert/bin/cmake -E cmake_link_script CMakeFiles/cmTC_c5223.dir/link.txt --verbose=1
/tools/speccpu/compiler/gcc-8.2.0-static/bin/gcc CMakeFiles/cmTC_c5223.dir/src.c.o -o cmTC_c5223 
CMakeFiles/cmTC_c5223.dir/src.c.o:src.c:function main: error: undefined reference to 'pthread_create'
CMakeFiles/cmTC_c5223.dir/src.c.o:src.c:function main: error: undefined reference to 'pthread_detach'
CMakeFiles/cmTC_c5223.dir/src.c.o:src.c:function main: error: undefined reference to 'pthread_cancel'
CMakeFiles/cmTC_c5223.dir/src.c.o:src.c:function main: error: undefined reference to 'pthread_join'
CMakeFiles/cmTC_c5223.dir/src.c.o:src.c:function main: error: undefined reference to 'pthread_atfork'
collect2: error: ld returned 1 exit status
gmake[1]: *** [cmTC_c5223] Error 1
gmake[1]: Leaving directory `/home/liulei/work/BERTCpp/build/CMakeFiles/CMakeTmp'
gmake: *** [cmTC_c5223/fast] Error 2


Source file was:
#include <pthread.h>

static void* test_func(void* data)
{
  return data;
}

int main(void)
{
  pthread_t thread;
  pthread_create(&thread, NULL, test_func, NULL);
  pthread_detach(thread);
  pthread_cancel(thread);
  pthread_join(thread, NULL);
  pthread_atfork(NULL, NULL, NULL);
  pthread_exit(NULL);

  return 0;
}

Determining if the function pthread_create exists in the pthreads failed with the following output:
Change Dir: /home/liulei/work/BERTCpp/build/CMakeFiles/CMakeTmp

Run Build Command(s):/usr/bin/gmake -f Makefile cmTC_89658/fast && /usr/bin/gmake  -f CMakeFiles/cmTC_89658.dir/build.make CMakeFiles/cmTC_89658.dir/build
gmake[1]: Entering directory `/home/liulei/work/BERTCpp/build/CMakeFiles/CMakeTmp'
Building C object CMakeFiles/cmTC_89658.dir/CheckFunctionExists.c.o
/tools/speccpu/compiler/gcc-8.2.0-static/bin/gcc   -DCHECK_FUNCTION_EXISTS=pthread_create -o CMakeFiles/cmTC_89658.dir/CheckFunctionExists.c.o -c /home/liulei/miniconda2/envs/bert/share/cmake-3.22/Modules/CheckFunctionExists.c
Linking C executable cmTC_89658
/home/liulei/miniconda2/envs/bert/bin/cmake -E cmake_link_script CMakeFiles/cmTC_89658.dir/link.txt --verbose=1
/tools/speccpu/compiler/gcc-8.2.0-static/bin/gcc  -DCHECK_FUNCTION_EXISTS=pthread_create CMakeFiles/cmTC_89658.dir/CheckFunctionExists.c.o -o cmTC_89658  -lpthreads 
/usr/bin/ld: error: cannot find -lpthreads
CMakeFiles/cmTC_89658.dir/CheckFunctionExists.c.o:CheckFunctionExists.c:function main: error: undefined reference to 'pthread_create'
collect2: error: ld returned 1 exit status
gmake[1]: *** [cmTC_89658] Error 1
gmake[1]: Leaving directory `/home/liulei/work/BERTCpp/build/CMakeFiles/CMakeTmp'
gmake: *** [cmTC_89658/fast] Error 2



